2020-07-03T10:31:43+00:00 DEBUG 
====Stripe Version: 4.4.0====
====Start Log====
Keys are not set correctly.
====End Log====


2020-07-03T10:32:20+00:00 DEBUG 
====Stripe Version: 4.4.0====
====Start Log====
Keys are not set correctly.
====End Log====


2020-07-03T10:32:21+00:00 DEBUG 
====Stripe Version: 4.4.0====
====Start Log====
Keys are not set correctly.
====End Log====


2020-07-03T10:34:23+00:00 DEBUG 
====Stripe Version: 4.4.0====
====Start Log====
Keys are not set correctly.
====End Log====


2020-07-03T10:34:25+00:00 DEBUG 
====Stripe Version: 4.4.0====
====Start Log====
Keys are not set correctly.
====End Log====


2020-07-03T10:34:26+00:00 DEBUG 
====Stripe Version: 4.4.0====
====Start Log====
Keys are not set correctly.
====End Log====


2020-07-03T10:35:37+00:00 DEBUG 
====Stripe Version: 4.4.0====
====Start Log====
Keys are not set correctly.
====End Log====


2020-07-03T10:35:39+00:00 DEBUG 
====Stripe Version: 4.4.0====
====Start Log====
Keys are not set correctly.
====End Log====


2020-07-03T10:35:49+00:00 DEBUG 
====Stripe Version: 4.4.0====
====Start Log====
Keys are not set correctly.
====End Log====


2020-07-03T10:36:59+00:00 DEBUG 
====Stripe Version: 4.4.0====
====Start Log====
Keys are not set correctly.
====End Log====


2020-07-03T14:29:41+00:00 DEBUG 
====Stripe Version: 4.4.0====
====Start Log====
Keys are not set correctly.
====End Log====


2020-07-03T14:29:53+00:00 DEBUG 
====Stripe Version: 4.4.0====
====Start Log====
Keys are not set correctly.
====End Log====


2020-07-03T14:29:59+00:00 DEBUG 
====Stripe Version: 4.4.0====
====Start Log====
Keys are not set correctly.
====End Log====


2020-07-03T14:30:13+00:00 DEBUG 
====Stripe Version: 4.4.0====
====Start Log====
Keys are not set correctly.
====End Log====


2020-07-03T14:30:36+00:00 DEBUG 
====Stripe Version: 4.4.0====
====Start Log====
Keys are not set correctly.
====End Log====


2020-07-03T14:30:38+00:00 DEBUG 
====Stripe Version: 4.4.0====
====Start Log====
Keys are not set correctly.
====End Log====


2020-07-03T14:56:54+00:00 DEBUG 
====Stripe Version: 4.4.0====
====Start Log====
Keys are not set correctly.
====End Log====


2020-07-03T14:57:00+00:00 DEBUG 
====Stripe Version: 4.4.0====
====Start Log====
Keys are not set correctly.
====End Log====


2020-07-03T14:57:23+00:00 DEBUG 
====Stripe Version: 4.4.0====
====Start Log====
Keys are not set correctly.
====End Log====


2020-07-03T14:57:46+00:00 DEBUG 
====Stripe Version: 4.4.0====
====Start Log====
Keys are not set correctly.
====End Log====


2020-07-03T14:58:16+00:00 DEBUG 
====Stripe Version: 4.4.0====
====Start Log====
Keys are not set correctly.
====End Log====


2020-07-03T14:58:33+00:00 DEBUG 
====Stripe Version: 4.4.0====
====Start Log====
Keys are not set correctly.
====End Log====


2020-07-03T14:58:50+00:00 DEBUG 
====Stripe Version: 4.4.0====
====Start Log====
Keys are not set correctly.
====End Log====


2020-07-03T14:59:19+00:00 DEBUG 
====Stripe Version: 4.4.0====
====Start Log====
Keys are not set correctly.
====End Log====


2020-07-03T15:02:10+00:00 DEBUG 
====Stripe Version: 4.4.0====
====Start Log====
Keys are not set correctly.
====End Log====


2020-07-03T15:02:30+00:00 DEBUG 
====Stripe Version: 4.4.0====
====Start Log====
Keys are not set correctly.
====End Log====


2020-07-03T15:02:47+00:00 DEBUG 
====Stripe Version: 4.4.0====
====Start Log====
Keys are not set correctly.
====End Log====


2020-07-03T15:03:09+00:00 DEBUG 
====Stripe Version: 4.4.0====
====Start Log====
Keys are not set correctly.
====End Log====


2020-07-03T15:03:31+00:00 DEBUG 
====Stripe Version: 4.4.0====
====Start Log====
Keys are not set correctly.
====End Log====


2020-07-03T15:03:35+00:00 DEBUG 
====Stripe Version: 4.4.0====
====Start Log====
Keys are not set correctly.
====End Log====


2020-07-03T15:03:37+00:00 DEBUG 
====Stripe Version: 4.4.0====
====Start Log====
Keys are not set correctly.
====End Log====


2020-07-03T15:04:01+00:00 DEBUG 
====Stripe Version: 4.4.0====
====Start Log====
Keys are not set correctly.
====End Log====


2020-07-03T15:04:37+00:00 DEBUG 
====Stripe Version: 4.4.0====
====Start Log====
Keys are not set correctly.
====End Log====


2020-07-03T15:05:05+00:00 DEBUG 
====Stripe Version: 4.4.0====
====Start Log====
Keys are not set correctly.
====End Log====


2020-07-03T15:05:23+00:00 DEBUG 
====Stripe Version: 4.4.0====
====Start Log====
Keys are not set correctly.
====End Log====


2020-07-03T15:05:53+00:00 DEBUG 
====Stripe Version: 4.4.0====
====Start Log====
Keys are not set correctly.
====End Log====


2020-07-03T15:06:19+00:00 DEBUG 
====Stripe Version: 4.4.0====
====Start Log====
Keys are not set correctly.
====End Log====


2020-07-03T15:06:50+00:00 DEBUG 
====Stripe Version: 4.4.0====
====Start Log====
Keys are not set correctly.
====End Log====


2020-07-03T15:07:28+00:00 DEBUG 
====Stripe Version: 4.4.0====
====Start Log====
Keys are not set correctly.
====End Log====


2020-07-03T15:08:45+00:00 DEBUG 
====Stripe Version: 4.4.0====
====Start Log====
Keys are not set correctly.
====End Log====


2020-07-03T15:09:11+00:00 DEBUG 
====Stripe Version: 4.4.0====
====Start Log====
Keys are not set correctly.
====End Log====


2020-07-03T15:10:22+00:00 DEBUG 
====Stripe Version: 4.4.0====
====Start Log====
Keys are not set correctly.
====End Log====


2020-07-03T15:27:44+00:00 DEBUG 
====Stripe Version: 4.4.0====
====Start Log====
Keys are not set correctly.
====End Log====


