2020-06-17T13:32:26+00:00 DEBUG 
====Stripe Version: 4.4.0====
====Start Log====
Keys are not set correctly.
====End Log====


2020-06-17T20:03:30+00:00 DEBUG 
====Stripe Version: 4.4.0====
====Start Log====
Domain association file updated.
====End Log====


2020-06-17T20:03:30+00:00 DEBUG 
====Stripe Version: 4.4.0====
====Start Log====
Error: Unable to verify domain - missing secret key.
====End Log====


2020-06-17T20:05:59+00:00 DEBUG 
====Stripe Version: 4.4.0====
====Start Log====
Keys are not set correctly.
====End Log====


2020-06-17T20:06:22+00:00 DEBUG 
====Stripe Version: 4.4.0====
====Start Log====
Keys are not set correctly.
====End Log====


2020-06-17T20:16:19+00:00 DEBUG 
====Stripe Version: 4.4.0====
====Start Log====
Keys are not set correctly.
====End Log====


2020-06-17T20:27:55+00:00 DEBUG 
====Stripe Version: 4.4.0====
====Start Log====
Keys are not set correctly.
====End Log====


2020-06-17T20:28:58+00:00 DEBUG 
====Stripe Version: 4.4.0====
====Start Log====
Keys are not set correctly.
====End Log====


2020-06-17T20:31:02+00:00 DEBUG 
====Stripe Version: 4.4.0====
====Start Log====
Keys are not set correctly.
====End Log====


2020-06-17T20:32:10+00:00 DEBUG 
====Stripe Version: 4.4.0====
====Start Log====
Keys are not set correctly.
====End Log====


2020-06-17T20:34:07+00:00 DEBUG 
====Stripe Version: 4.4.0====
====Start Log====
Keys are not set correctly.
====End Log====


2020-06-17T20:38:26+00:00 DEBUG 
====Stripe Version: 4.4.0====
====Start Log====
Keys are not set correctly.
====End Log====


2020-06-17T20:38:31+00:00 DEBUG 
====Stripe Version: 4.4.0====
====Start Log====
Keys are not set correctly.
====End Log====


2020-06-17T20:48:07+00:00 DEBUG 
====Stripe Version: 4.4.0====
====Start Log====
Keys are not set correctly.
====End Log====


2020-06-17T20:49:42+00:00 DEBUG 
====Stripe Version: 4.4.0====
====Start Log====
Keys are not set correctly.
====End Log====


2020-06-17T20:57:54+00:00 DEBUG 
====Stripe Version: 4.4.0====
====Start Log====
Keys are not set correctly.
====End Log====


2020-06-17T21:03:36+00:00 DEBUG 
====Stripe Version: 4.4.0====
====Start Log====
Keys are not set correctly.
====End Log====


2020-06-17T21:03:45+00:00 DEBUG 
====Stripe Version: 4.4.0====
====Start Log====
Keys are not set correctly.
====End Log====


2020-06-17T21:03:48+00:00 DEBUG 
====Stripe Version: 4.4.0====
====Start Log====
Keys are not set correctly.
====End Log====


2020-06-17T21:06:10+00:00 DEBUG 
====Stripe Version: 4.4.0====
====Start Log====
Keys are not set correctly.
====End Log====


2020-06-17T21:14:01+00:00 DEBUG 
====Stripe Version: 4.4.0====
====Start Log====
Keys are not set correctly.
====End Log====


