2020-06-18T09:11:00+00:00 DEBUG 
====Stripe Version: 4.4.0====
====Start Log====
Keys are not set correctly.
====End Log====


2020-06-18T09:11:08+00:00 DEBUG 
====Stripe Version: 4.4.0====
====Start Log====
Keys are not set correctly.
====End Log====


2020-06-18T09:24:43+00:00 DEBUG 
====Stripe Version: 4.4.0====
====Start Log====
Keys are not set correctly.
====End Log====


2020-06-18T09:27:05+00:00 DEBUG 
====Stripe Version: 4.4.0====
====Start Log====
Keys are not set correctly.
====End Log====


2020-06-18T09:28:27+00:00 DEBUG 
====Stripe Version: 4.4.0====
====Start Log====
Keys are not set correctly.
====End Log====


2020-06-18T09:28:29+00:00 DEBUG 
====Stripe Version: 4.4.0====
====Start Log====
Keys are not set correctly.
====End Log====


2020-06-18T09:30:57+00:00 DEBUG 
====Stripe Version: 4.4.0====
====Start Log====
Keys are not set correctly.
====End Log====


2020-06-18T09:31:34+00:00 DEBUG 
====Stripe Version: 4.4.0====
====Start Log====
Keys are not set correctly.
====End Log====


2020-06-18T10:01:12+00:00 DEBUG 
====Stripe Version: 4.4.0====
====Start Log====
Keys are not set correctly.
====End Log====


2020-06-18T10:01:36+00:00 DEBUG 
====Stripe Version: 4.4.0====
====Start Log====
Keys are not set correctly.
====End Log====


2020-06-18T10:02:45+00:00 DEBUG 
====Stripe Version: 4.4.0====
====Start Log====
Keys are not set correctly.
====End Log====


2020-06-18T10:02:53+00:00 DEBUG 
====Stripe Version: 4.4.0====
====Start Log====
Keys are not set correctly.
====End Log====


2020-06-18T10:04:36+00:00 DEBUG 
====Stripe Version: 4.4.0====
====Start Log====
Keys are not set correctly.
====End Log====


2020-06-18T10:12:08+00:00 DEBUG 
====Stripe Version: 4.4.0====
====Start Log====
Keys are not set correctly.
====End Log====


2020-06-18T10:14:58+00:00 DEBUG 
====Stripe Version: 4.4.0====
====Start Log====
Keys are not set correctly.
====End Log====


